<?xml version="1.0" encoding="UTF-8" ?>
<testsuite tests="3" failures="0" name="shardingsphere.workshop.parser.engine.ParseEngineTest" time="0.577" errors="0" skipped="0">
  <properties>
[...]
</properties>
  <testcase classname="shardingsphere.workshop.parser.engine.ParseEngineTest" name="testParse" time="0.446"/>
  <testcase classname="shardingsphere.workshop.parser.engine.ParseEngineTest" name="testInsert" time="0.014"/>
  <testcase classname="shardingsphere.workshop.parser.engine.ParseEngineTest" name="testSelect" time="0.009"/>
</testsuite>